<?xml version="1.0" encoding="UTF-8"?>
<!-- Generated by org.testng.reporters.JUnitReportReporter -->
<testsuite hostname="EPHUBUDW2135" name="com.epam.wilma.mock.resource.UploadTest" tests="5" failures="0" timestamp="23 Jun 2015 14:47:15 GMT" time="0.486" errors="0">
  <testcase name="shouldCallTheProperStubConfigurationUploadUrlWithTheGivenFile" time="0.417" classname="com.epam.wilma.mock.resource.UploadTest"/>
  <testcase name="shouldCallTheProperTemplateUploadUploadUrlWithTheGivenFile" time="0.002" classname="com.epam.wilma.mock.resource.UploadTest"/>
  <testcase name="shouldCallTheProperConditionCheckerUploadUrlWithTheGivenFile" time="0.064" classname="com.epam.wilma.mock.resource.UploadTest"/>
  <testcase name="shouldThrowExceptionWhenConfigIsMissing" time="0.001" classname="com.epam.wilma.mock.resource.UploadTest"/>
  <testcase name="shouldCallTheProperTemplateFormatterUploadUrlWithTheGivenFile" time="0.002" classname="com.epam.wilma.mock.resource.UploadTest"/>
</testsuite> <!-- com.epam.wilma.mock.resource.UploadTest -->
